<?xml version="1.0" encoding="UTF-8"?>
<!-- Generated by org.testng.reporters.JUnitReportReporter -->
<testsuite skipped="0" hostname="DESKTOP-6AT82SO" name="com.dixter.test.regression.TestSearchU1" tests="2" failures="0" timestamp="10 Feb 2018 13:13:51 GMT" time="15.966" errors="0">
  <testcase name="testSearchjavaTC1" time="8.592" classname="com.dixter.test.regression.TestSearchU1"/>
  <testcase name="testSearchjavafreeTC2" time="7.374" classname="com.dixter.test.regression.TestSearchU1"/>
</testsuite> <!-- com.dixter.test.regression.TestSearchU1 -->
