<?xml version="1.0" encoding="UTF-8"?>
<!-- Generated by org.testng.reporters.JUnitReportReporter -->
<testsuite hostname="DESKTOP-6AT82SO" name="com.dixter.test.regression.TestSearchU1" tests="4" failures="0" timestamp="17 Feb 2018 17:25:54 GMT" time="28.911" errors="0">
  <testcase name="testSearchjavafreeTC2" time="5.413" classname="com.dixter.test.regression.TestSearchU1"/>
  <testcase name="testSearchjavafreeTC2" time="6.492" classname="com.dixter.test.regression.TestSearchU1"/>
  <testcase name="testSearchjavaTC1" time="9.413" classname="com.dixter.test.regression.TestSearchU1"/>
  <testcase name="testSearchjavaTC1" time="7.593" classname="com.dixter.test.regression.TestSearchU1"/>
</testsuite> <!-- com.dixter.test.regression.TestSearchU1 -->
